Copyright 1986-2018 Xilinx, Inc. All Rights Reserved.
---------------------------------------------------------------------------------------------------------------------
| Tool Version : Vivado v.2018.2 (lin64) Build 2258646 Thu Jun 14 20:02:38 MDT 2018
| Date         : Wed Nov 21 19:57:15 2018
| Host         : jayd-MACH-WX9 running 64-bit Ubuntu 18.04.1 LTS
| Command      : report_drc -file arbiter_tb_drc_opted.rpt -pb arbiter_tb_drc_opted.pb -rpx arbiter_tb_drc_opted.rpx
| Design       : arbiter_tb
| Device       : xczu3eg-sbva484-1-e
| Speed File   : -1
| Design State : Routed
---------------------------------------------------------------------------------------------------------------------

Report DRC

Table of Contents
-----------------
1. REPORT SUMMARY
2. REPORT DETAILS

1. REPORT SUMMARY
-----------------
            Netlist: netlist
          Floorplan: design_1
      Design limits: <entire design considered>
           Ruledeck: default
             Max violations: <unlimited>
             Violations found: 0
+------+----------+-------------+------------+
| Rule | Severity | Description | Violations |
+------+----------+-------------+------------+
+------+----------+-------------+------------+

2. REPORT DETAILS
-----------------

